Build started 11/6/2015 6:14:33 AM.
     1>Project "C:\Users\Kenneth\Documents\GitHub\Data-Structures-and-Algorithms-C-plus-plus-examples\HashTable\HashTable\HashTable.vcxproj" on node 2 (Rebuild target(s)).
     1>ClCompile:
         C:\Program Files (x86)\Microsoft Visual Studio 12.0\VC\bin\CL.exe /c /ZI /nologo /W3 /WX- /sdl /Od /Oy- /D WIN32 /D _DEBUG /D _CONSOLE /D _LIB /D _UNICODE /D UNICODE /Gm /EHsc /RTC1 /MDd /GS /fp:precise /Zc:wchar_t /Zc:forScope /Fo"Debug\\" /Fd"Debug\vc120.pdb" /Gd /TP /analyze- /errorReport:prompt HashTable.cpp
         HashTable.cpp
     1>c:\users\kenneth\documents\github\data-structures-and-algorithms-c-plus-plus-examples\hashtable\hashtable\hashtable.cpp(16): error C2143: syntax error : missing ';' before '*'
     1>c:\users\kenneth\documents\github\data-structures-and-algorithms-c-plus-plus-examples\hashtable\hashtable\hashtable.cpp(16): error C4430: missing type specifier - int assumed. Note: C++ does not support default-int
     1>Done Building Project "C:\Users\Kenneth\Documents\GitHub\Data-Structures-and-Algorithms-C-plus-plus-examples\HashTable\HashTable\HashTable.vcxproj" (Rebuild target(s)) -- FAILED.

Build FAILED.

Time Elapsed 00:00:00.50
